Warning: skipping dependency checks.
In file included from error.cpp:18:0:
common.hpp:21:17: fatal error: png.h: No such file or directory
 #include <png.h>
                 ^
compilation terminated.
make: *** [error.o] Error 1

Error: Build error: Failed building.
