Warning: skipping dependency checks.
Warning: variable CFLAGS was not passed in build_variables
In file included from main.cpp:2:0:
./gq/Node.hpp:34:40: fatal error: boost/utility/string_ref.hpp: No such file or directory
 #include <boost/utility/string_ref.hpp>
                                        ^
compilation terminated.
make: *** [main.o] Error 1

Error: Build error: Failed building.
