Warning: skipping dependency checks.
Warning: variable CFLAGS was not passed in build_variables
/home/sp/luajit//bin/lua: ...ocks_opencl-1.2.0-1-5663/lua-opencl/test/../opencl/C.lua:1144: libOpenCL.so: cannot open shared object file: No such file or directory
stack traceback:
	[C]: in function 'load'
	...ocks_opencl-1.2.0-1-5663/lua-opencl/test/../opencl/C.lua:1144: in main chunk
	[C]: in function 'require'
	...s_opencl-1.2.0-1-5663/lua-opencl/test/../opencl/init.lua:7: in main chunk
	[C]: in function 'require'
	platform.lua:11: in main chunk
	[C]: at 0x00405150
make[1]: *** [platform] Error 1
make: *** [test] Error 2

Error: Build error: Failed building.
