Warning: skipping dependency checks.
In file included from context.cpp:18:
common.hpp:21:21: error: sqlite3.h: No such file or directory
In file included from bind/dromozoa/bind.hpp:21,
                 from common.hpp:25,
                 from context.cpp:18:
bind/dromozoa/bind/luaX.hpp: In constructor ‘dromozoa::bind::luaX_reference<1u>::luaX_reference(lua_State*, int)’:
bind/dromozoa/bind/luaX.hpp:891: error: class ‘dromozoa::bind::luaX_reference<1u>’ does not have any field named ‘luaX_reference_impl’
bind/dromozoa/bind/luaX.hpp:891: error: no matching function for call to ‘dromozoa::bind::luaX_reference_impl<1u>::luaX_reference_impl()’
bind/dromozoa/bind/luaX.hpp:869: note: candidates are: dromozoa::bind::luaX_reference_impl<T>::luaX_reference_impl(lua_State*) [with unsigned int T = 1u]
bind/dromozoa/bind/luaX.hpp:849: note:                 dromozoa::bind::luaX_reference_impl<1u>::luaX_reference_impl(const dromozoa::bind::luaX_reference_impl<1u>&)
bind/dromozoa/bind/luaX.hpp: In constructor ‘dromozoa::bind::luaX_reference<2u>::luaX_reference(lua_State*, int, int)’:
bind/dromozoa/bind/luaX.hpp:899: error: class ‘dromozoa::bind::luaX_reference<2u>’ does not have any field named ‘luaX_reference_impl’
bind/dromozoa/bind/luaX.hpp:899: error: no matching function for call to ‘dromozoa::bind::luaX_reference_impl<2u>::luaX_reference_impl()’
bind/dromozoa/bind/luaX.hpp:869: note: candidates are: dromozoa::bind::luaX_reference_impl<T>::luaX_reference_impl(lua_State*) [with unsigned int T = 2u]
bind/dromozoa/bind/luaX.hpp:849: note:                 dromozoa::bind::luaX_reference_impl<2u>::luaX_reference_impl(const dromozoa::bind::luaX_reference_impl<2u>&)
bind/dromozoa/bind/luaX.hpp: In constructor ‘dromozoa::bind::luaX_reference<3u>::luaX_reference(lua_State*, int, int, int)’:
bind/dromozoa/bind/luaX.hpp:908: error: class ‘dromozoa::bind::luaX_reference<3u>’ does not have any field named ‘luaX_reference_impl’
bind/dromozoa/bind/luaX.hpp:908: error: no matching function for call to ‘dromozoa::bind::luaX_reference_impl<3u>::luaX_reference_impl()’
bind/dromozoa/bind/luaX.hpp:869: note: candidates are: dromozoa::bind::luaX_reference_impl<T>::luaX_reference_impl(lua_State*) [with unsigned int T = 3u]
bind/dromozoa/bind/luaX.hpp:849: note:                 dromozoa::bind::luaX_reference_impl<3u>::luaX_reference_impl(const dromozoa::bind::luaX_reference_impl<3u>&)
bind/dromozoa/bind/luaX.hpp: In constructor ‘dromozoa::bind::luaX_reference<4u>::luaX_reference(lua_State*, int, int, int, int)’:
bind/dromozoa/bind/luaX.hpp:918: error: class ‘dromozoa::bind::luaX_reference<4u>’ does not have any field named ‘luaX_reference_impl’
bind/dromozoa/bind/luaX.hpp:918: error: no matching function for call to ‘dromozoa::bind::luaX_reference_impl<4u>::luaX_reference_impl()’
bind/dromozoa/bind/luaX.hpp:869: note: candidates are: dromozoa::bind::luaX_reference_impl<T>::luaX_reference_impl(lua_State*) [with unsigned int T = 4u]
bind/dromozoa/bind/luaX.hpp:849: note:                 dromozoa::bind::luaX_reference_impl<4u>::luaX_reference_impl(const dromozoa::bind::luaX_reference_impl<4u>&)
In file included from context.cpp:18:
common.hpp: At global scope:
common.hpp:30: error: expected ‘)’ before ‘*’ token
common.hpp:33: error: ISO C++ forbids declaration of ‘sqlite3’ with no type
common.hpp:33: error: expected ‘;’ before ‘*’ token
common.hpp:37: error: ISO C++ forbids declaration of ‘sqlite3’ with no type
common.hpp:37: error: expected ‘;’ before ‘*’ token
common.hpp:43: error: ‘sqlite3’ has not been declared
common.hpp:45: error: expected constructor, destructor, or type conversion before ‘*’ token
common.hpp:49: error: expected ‘)’ before ‘*’ token
common.hpp:52: error: ISO C++ forbids declaration of ‘sqlite3_stmt’ with no type
common.hpp:52: error: expected ‘;’ before ‘*’ token
common.hpp:54: error: ISO C++ forbids declaration of ‘sqlite3_stmt’ with no type
common.hpp:54: error: expected ‘;’ before ‘*’ token
common.hpp:59: error: ‘sqlite3_stmt’ has not been declared
common.hpp:60: error: expected constructor, destructor, or type conversion before ‘*’ token
common.hpp:62: error: ‘sqlite3_context’ has not been declared
common.hpp:66: error: ‘sqlite3’ has not been declared
common.hpp:67: error: ‘sqlite3_stmt’ has not been declared
context.cpp:22: error: expected constructor, destructor, or type conversion before ‘*’ token
context.cpp:26: error: ‘sqlite3_context’ has not been declared
context.cpp: In function ‘void dromozoa::<unnamed>::result_text(lua_State*, int*)’:
context.cpp:32: error: ‘SQLITE_TRANSIENT’ was not declared in this scope
context.cpp:32: error: ‘sqlite3_result_text’ was not declared in this scope
context.cpp:34: error: ‘SQLITE_STATIC’ was not declared in this scope
context.cpp:34: error: ‘sqlite3_result_text’ was not declared in this scope
context.cpp: In function ‘void dromozoa::<unnamed>::impl_result_int64(lua_State*)’:
context.cpp:39: error: ‘check_context’ was not declared in this scope
context.cpp:39: error: ‘sqlite3_int64’ was not declared in this scope
context.cpp:39: error: no matching function for call to ‘luaX_check_integer(lua_State*&, int)’
context.cpp:39: error: ‘sqlite3_result_int64’ was not declared in this scope
context.cpp: In function ‘void dromozoa::<unnamed>::impl_result_double(lua_State*)’:
context.cpp:44: error: ‘check_context’ was not declared in this scope
context.cpp:44: error: ‘sqlite3_result_double’ was not declared in this scope
context.cpp: In function ‘void dromozoa::<unnamed>::impl_result_text(lua_State*)’:
context.cpp:49: error: ‘check_context’ was not declared in this scope
context.cpp: In function ‘void dromozoa::<unnamed>::impl_result_blob(lua_State*)’:
context.cpp:54: error: ‘sqlite3_context’ was not declared in this scope
context.cpp:54: error: ‘context’ was not declared in this scope
context.cpp:54: error: ‘check_context’ was not declared in this scope
context.cpp:60: error: ‘SQLITE_TRANSIENT’ was not declared in this scope
context.cpp:60: error: ‘sqlite3_result_blob’ was not declared in this scope
context.cpp:62: error: ‘sqlite3_result_zeroblob’ was not declared in this scope
context.cpp: In function ‘void dromozoa::<unnamed>::impl_result_null(lua_State*)’:
context.cpp:68: error: ‘check_context’ was not declared in this scope
context.cpp:68: error: ‘sqlite3_result_null’ was not declared in this scope
context.cpp: In function ‘void dromozoa::<unnamed>::impl_result(lua_State*)’:
context.cpp:73: error: ‘sqlite3_context’ was not declared in this scope
context.cpp:73: error: ‘context’ was not declared in this scope
context.cpp:73: error: ‘check_context’ was not declared in this scope
context.cpp:77: error: ‘sqlite3_int64’ was not declared in this scope
context.cpp:77: error: no matching function for call to ‘luaX_check_integer(lua_State*&, int)’
context.cpp:77: error: ‘sqlite3_result_int64’ was not declared in this scope
context.cpp:79: error: ‘sqlite3_result_double’ was not declared in this scope
context.cpp:86: error: ‘sqlite3_result_int64’ was not declared in this scope
context.cpp:89: error: ‘sqlite3_result_null’ was not declared in this scope
context.cpp: At global scope:
context.cpp:95: error: ‘sqlite3_context’ has not been declared
context.cpp: In function ‘void dromozoa::new_context(lua_State*, int*)’:
context.cpp:96: error: ‘sqlite3_context’ was not declared in this scope
context.cpp:96: error: parse error in template argument list
context.cpp:96: error: no matching function for call to ‘luaX_new(lua_State*&, int*&)’
make: *** [context.o] Error 1

Error: Build error: Failed building.
